all messages logged in file hdlparser.log
Analyzing VHDL file C:/lscc/diamond/3.10_x64/ispfpga/vhdl_packages/standard.vhd (VHDL-1481)
INFO: C:/lscc/diamond/3.10_x64/ispfpga/vhdl_packages/standard.vhd(9): analyzing package standard (VHDL-1014)
Analyzing VHDL file C:/lscc/diamond/3.10_x64/ispfpga/vhdl_packages/std_1164.vhd (VHDL-1481)
INFO: C:/lscc/diamond/3.10_x64/ispfpga/vhdl_packages/std_1164.vhd(15): analyzing package std_logic_1164 (VHDL-1014)
INFO: C:/lscc/diamond/3.10_x64/ispfpga/vhdl_packages/std_1164.vhd(178): analyzing package body std_logic_1164 (VHDL-1013)
Analyzing VHDL file C:/lscc/diamond/3.10_x64/ispfpga/vhdl_packages/mgc_qsim.vhd (VHDL-1481)
INFO: C:/lscc/diamond/3.10_x64/ispfpga/vhdl_packages/mgc_qsim.vhd(18): analyzing package qsim_logic (VHDL-1014)
INFO: C:/lscc/diamond/3.10_x64/ispfpga/vhdl_packages/mgc_qsim.vhd(753): analyzing package body qsim_logic (VHDL-1013)
Analyzing VHDL file C:/lscc/diamond/3.10_x64/ispfpga/vhdl_packages/numeric_bit.vhd (VHDL-1481)
INFO: C:/lscc/diamond/3.10_x64/ispfpga/vhdl_packages/numeric_bit.vhd(54): analyzing package numeric_bit (VHDL-1014)
INFO: C:/lscc/diamond/3.10_x64/ispfpga/vhdl_packages/numeric_bit.vhd(834): analyzing package body numeric_bit (VHDL-1013)
Analyzing VHDL file C:/lscc/diamond/3.10_x64/ispfpga/vhdl_packages/numeric_std.vhd (VHDL-1481)
INFO: C:/lscc/diamond/3.10_x64/ispfpga/vhdl_packages/numeric_std.vhd(57): analyzing package numeric_std (VHDL-1014)
INFO: C:/lscc/diamond/3.10_x64/ispfpga/vhdl_packages/numeric_std.vhd(874): analyzing package body numeric_std (VHDL-1013)
Analyzing VHDL file C:/lscc/diamond/3.10_x64/ispfpga/vhdl_packages/textio.vhd (VHDL-1481)
INFO: C:/lscc/diamond/3.10_x64/ispfpga/vhdl_packages/textio.vhd(13): analyzing package textio (VHDL-1014)
INFO: C:/lscc/diamond/3.10_x64/ispfpga/vhdl_packages/textio.vhd(114): analyzing package body textio (VHDL-1013)
Analyzing VHDL file C:/lscc/diamond/3.10_x64/ispfpga/vhdl_packages/std_logic_textio.vhd (VHDL-1481)
INFO: C:/lscc/diamond/3.10_x64/ispfpga/vhdl_packages/std_logic_textio.vhd(26): analyzing package std_logic_textio (VHDL-1014)
INFO: C:/lscc/diamond/3.10_x64/ispfpga/vhdl_packages/std_logic_textio.vhd(72): analyzing package body std_logic_textio (VHDL-1013)
Analyzing VHDL file C:/lscc/diamond/3.10_x64/ispfpga/vhdl_packages/syn_attr.vhd (VHDL-1481)
INFO: C:/lscc/diamond/3.10_x64/ispfpga/vhdl_packages/syn_attr.vhd(39): analyzing package attributes (VHDL-1014)
Analyzing VHDL file C:/lscc/diamond/3.10_x64/ispfpga/vhdl_packages/syn_misc.vhd (VHDL-1481)
INFO: C:/lscc/diamond/3.10_x64/ispfpga/vhdl_packages/syn_misc.vhd(30): analyzing package std_logic_misc (VHDL-1014)
INFO: C:/lscc/diamond/3.10_x64/ispfpga/vhdl_packages/syn_misc.vhd(182): analyzing package body std_logic_misc (VHDL-1013)
INFO: ./.__tmp_vxr_0_(56): analyzing package math_real (VHDL-1014)
INFO: ./.__tmp_vxr_0_(685): analyzing package body math_real (VHDL-1013)
Analyzing VHDL file C:/lscc/diamond/3.10_x64/ispfpga/vhdl_packages/mixed_lang_vltype.vhd (VHDL-1481)
INFO: C:/lscc/diamond/3.10_x64/ispfpga/vhdl_packages/mixed_lang_vltype.vhd(9): analyzing package vl_types (VHDL-1014)
INFO: C:/lscc/diamond/3.10_x64/ispfpga/vhdl_packages/mixed_lang_vltype.vhd(88): analyzing package body vl_types (VHDL-1013)
Analyzing VHDL file C:/lscc/diamond/3.10_x64/ispfpga/vhdl_packages/syn_arit.vhd (VHDL-1481)
INFO: C:/lscc/diamond/3.10_x64/ispfpga/vhdl_packages/syn_arit.vhd(25): analyzing package std_logic_arith (VHDL-1014)
INFO: C:/lscc/diamond/3.10_x64/ispfpga/vhdl_packages/syn_arit.vhd(206): analyzing package body std_logic_arith (VHDL-1013)
Analyzing VHDL file C:/lscc/diamond/3.10_x64/ispfpga/vhdl_packages/syn_sign.vhd (VHDL-1481)
INFO: C:/lscc/diamond/3.10_x64/ispfpga/vhdl_packages/syn_sign.vhd(35): analyzing package std_logic_signed (VHDL-1014)
INFO: C:/lscc/diamond/3.10_x64/ispfpga/vhdl_packages/syn_sign.vhd(96): analyzing package body std_logic_signed (VHDL-1013)
Analyzing VHDL file C:/lscc/diamond/3.10_x64/ispfpga/vhdl_packages/syn_unsi.vhd (VHDL-1481)
INFO: C:/lscc/diamond/3.10_x64/ispfpga/vhdl_packages/syn_unsi.vhd(35): analyzing package std_logic_unsigned (VHDL-1014)
INFO: C:/lscc/diamond/3.10_x64/ispfpga/vhdl_packages/syn_unsi.vhd(94): analyzing package body std_logic_unsigned (VHDL-1013)
Analyzing VHDL file C:/lscc/diamond/3.10_x64/ispfpga/vhdl_packages/synattr.vhd (VHDL-1481)
INFO: C:/lscc/diamond/3.10_x64/ispfpga/vhdl_packages/synattr.vhd(50): analyzing package attributes (VHDL-1014)
Analyzing VHDL file C:/lscc/diamond/3.10_x64/cae_library/synthesis/vhdl/machxo2.vhd (VHDL-1481)
Analyzing VHDL file C:/work/upwork/projects/USB_DEMO_XO2_BoB/soucre/usb_phy/usb_tx_phy.vhd (VHDL-1481)
INFO: C:/work/upwork/projects/USB_DEMO_XO2_BoB/soucre/usb_phy/usb_tx_phy.vhd(59): analyzing entity usb_tx_phy (VHDL-1012)
INFO: C:/work/upwork/projects/USB_DEMO_XO2_BoB/soucre/usb_phy/usb_tx_phy.vhd(74): analyzing architecture rtl (VHDL-1010)
Analyzing VHDL file C:/work/upwork/projects/USB_DEMO_XO2_BoB/soucre/usb_phy/usb_rx_phy_60MHz.vhd (VHDL-1481)
INFO: C:/work/upwork/projects/USB_DEMO_XO2_BoB/soucre/usb_phy/usb_rx_phy_60MHz.vhd(60): analyzing entity usb_rx_phy (VHDL-1012)
INFO: C:/work/upwork/projects/USB_DEMO_XO2_BoB/soucre/usb_phy/usb_rx_phy_60MHz.vhd(77): analyzing architecture rtl (VHDL-1010)
Analyzing VHDL file C:/work/upwork/projects/USB_DEMO_XO2_BoB/soucre/usb_phy/usb_phy.vhd (VHDL-1481)
INFO: C:/work/upwork/projects/USB_DEMO_XO2_BoB/soucre/usb_phy/usb_phy.vhd(48): analyzing entity usb_phy (VHDL-1012)
INFO: C:/work/upwork/projects/USB_DEMO_XO2_BoB/soucre/usb_phy/usb_phy.vhd(70): analyzing architecture rtl (VHDL-1010)
Analyzing VHDL file C:/work/upwork/projects/USB_DEMO_XO2_BoB/soucre/usb_serial/usb_control.vhd (VHDL-1481)
INFO: C:/work/upwork/projects/USB_DEMO_XO2_BoB/soucre/usb_serial/usb_control.vhd(99): analyzing entity usb_control (VHDL-1012)
INFO: C:/work/upwork/projects/USB_DEMO_XO2_BoB/soucre/usb_serial/usb_control.vhd(208): analyzing architecture usb_control_arch (VHDL-1010)
Analyzing VHDL file C:/work/upwork/projects/USB_DEMO_XO2_BoB/soucre/usb_serial/usb_init.vhd (VHDL-1481)
INFO: C:/work/upwork/projects/USB_DEMO_XO2_BoB/soucre/usb_serial/usb_init.vhd(24): analyzing entity usb_init (VHDL-1012)
INFO: C:/work/upwork/projects/USB_DEMO_XO2_BoB/soucre/usb_serial/usb_init.vhd(70): analyzing architecture usb_init_arch (VHDL-1010)
Analyzing VHDL file C:/work/upwork/projects/USB_DEMO_XO2_BoB/soucre/usb_serial/usb_packet.vhd (VHDL-1481)
INFO: C:/work/upwork/projects/USB_DEMO_XO2_BoB/soucre/usb_serial/usb_packet.vhd(56): analyzing entity usb_packet (VHDL-1012)
INFO: C:/work/upwork/projects/USB_DEMO_XO2_BoB/soucre/usb_serial/usb_packet.vhd(113): analyzing architecture usb_packet_arch (VHDL-1010)
Analyzing VHDL file C:/work/upwork/projects/USB_DEMO_XO2_BoB/soucre/usb_serial/usb_pkg.vhd (VHDL-1481)
INFO: C:/work/upwork/projects/USB_DEMO_XO2_BoB/soucre/usb_serial/usb_pkg.vhd(8): analyzing package usb_pkg (VHDL-1014)
Analyzing VHDL file C:/work/upwork/projects/USB_DEMO_XO2_BoB/soucre/usb_serial/usb_serial.vhd (VHDL-1481)
INFO: C:/work/upwork/projects/USB_DEMO_XO2_BoB/soucre/usb_serial/usb_serial.vhd(67): analyzing entity usb_serial (VHDL-1012)
INFO: C:/work/upwork/projects/USB_DEMO_XO2_BoB/soucre/usb_serial/usb_serial.vhd(169): analyzing architecture usb_serial_arch (VHDL-1010)
Analyzing VHDL file C:/work/upwork/projects/USB_DEMO_XO2_BoB/soucre/usb_serial/usb_transact.vhd (VHDL-1481)
INFO: C:/work/upwork/projects/USB_DEMO_XO2_BoB/soucre/usb_serial/usb_transact.vhd(90): analyzing entity usb_transact (VHDL-1012)
INFO: C:/work/upwork/projects/USB_DEMO_XO2_BoB/soucre/usb_serial/usb_transact.vhd(182): analyzing architecture usb_transact_arch (VHDL-1010)
Analyzing VHDL file C:/work/upwork/projects/USB_DEMO_XO2_BoB/soucre/cores/pll_60MHz.vhd (VHDL-1481)
INFO: C:/work/upwork/projects/USB_DEMO_XO2_BoB/soucre/cores/pll_60MHz.vhd(14): analyzing entity pll_60mhz (VHDL-1012)
INFO: C:/work/upwork/projects/USB_DEMO_XO2_BoB/soucre/cores/pll_60MHz.vhd(24): analyzing architecture structure (VHDL-1010)
Analyzing VHDL file C:/work/upwork/projects/USB_DEMO_XO2_BoB/soucre/usb_top/usb_fs_port.vhd (VHDL-1481)
INFO: C:/work/upwork/projects/USB_DEMO_XO2_BoB/soucre/usb_top/usb_fs_port.vhd(39): analyzing entity usb_fs_port (VHDL-1012)
INFO: C:/work/upwork/projects/USB_DEMO_XO2_BoB/soucre/usb_top/usb_fs_port.vhd(68): analyzing architecture rtl (VHDL-1010)
Analyzing VHDL file C:/work/upwork/projects/USB_DEMO_XO2_BoB/soucre/usb_top/usb_2upper.vhd (VHDL-1481)
INFO: C:/work/upwork/projects/USB_DEMO_XO2_BoB/soucre/usb_top/usb_2upper.vhd(60): analyzing entity usb_2upper (VHDL-1012)
INFO: C:/work/upwork/projects/USB_DEMO_XO2_BoB/soucre/usb_top/usb_2upper.vhd(75): analyzing architecture rtl (VHDL-1010)
