Resource Usage Report
Part: lcmxo2_7000he-4

Register bits: 953 of 6864 (14%)
PIC Latch:       0
I/O cells:       7

Details:
BB:             2
CCU2D:          159
DPR16X4C:       4
FD1P3AX:        162
FD1P3BX:        37
FD1P3DX:        394
FD1P3IX:        54
FD1P3JX:        5
FD1S3AX:        96
FD1S3AY:        2
FD1S3BX:        8
FD1S3DX:        95
FD1S3IX:        77
FD1S3JX:        19
GSR:            1
IB:             2
IFS1P3DX:       1
IFS1P3IX:       1
INV:            27
L6MUX21:        8
OB:             2
OBZ:            1
OFS1P3DX:       2
ORCALUT4:       1572
OSCH:           1
PDPW8KC:        2
PFUMX:          27
PUR:            1
ROM128X1A:      8
VHI:            22
VLO:            22
