Resource Usage Report
Part: lcmxo3lf_6900c-6

Register bits: 445 of 54912 (1%)
PIC Latch:       0
I/O cells:       9

Details:
BB:             2
CCU2D:          103
FD1P3AX:        145
FD1P3BX:        4
FD1P3DX:        42
FD1P3IX:        32
FD1P3JX:        5
FD1S3AX:        71
FD1S3AY:        2
FD1S3BX:        7
FD1S3DX:        34
FD1S3IX:        86
FD1S3JX:        13
GSR:            1
IB:             2
IFS1P3DX:       1
IFS1P3IX:       1
INV:            15
L6MUX21:        1
OB:             4
OBZ:            1
OFS1P3DX:       2
ORCALUT4:       879
OSCH:           1
PDPW8KC:        2
PFUMX:          12
PUR:            1
ROM128X1A:      8
VHI:            11
VLO:            12
false:          1
true:           2
