all messages logged in file C:/work/upwork/projects/USB_DEMO_XO2_BoB/implementation/usb_1p1_demo/reveal_error.log
Analyzing VHDL file C:/lscc/diamond/3.10_x64/ispfpga/vhdl_packages/standard.vhd (VHDL-1481)
INFO: C:/lscc/diamond/3.10_x64/ispfpga/vhdl_packages/standard.vhd(9): analyzing package standard (VHDL-1014)
Analyzing VHDL file C:/lscc/diamond/3.10_x64/ispfpga/vhdl_packages/std_1164.vhd (VHDL-1481)
INFO: C:/lscc/diamond/3.10_x64/ispfpga/vhdl_packages/std_1164.vhd(15): analyzing package std_logic_1164 (VHDL-1014)
INFO: C:/lscc/diamond/3.10_x64/ispfpga/vhdl_packages/std_1164.vhd(178): analyzing package body std_logic_1164 (VHDL-1013)
Analyzing VHDL file C:/lscc/diamond/3.10_x64/ispfpga/vhdl_packages/mgc_qsim.vhd (VHDL-1481)
INFO: C:/lscc/diamond/3.10_x64/ispfpga/vhdl_packages/mgc_qsim.vhd(18): analyzing package qsim_logic (VHDL-1014)
INFO: C:/lscc/diamond/3.10_x64/ispfpga/vhdl_packages/mgc_qsim.vhd(753): analyzing package body qsim_logic (VHDL-1013)
Analyzing VHDL file C:/lscc/diamond/3.10_x64/ispfpga/vhdl_packages/numeric_bit.vhd (VHDL-1481)
INFO: C:/lscc/diamond/3.10_x64/ispfpga/vhdl_packages/numeric_bit.vhd(54): analyzing package numeric_bit (VHDL-1014)
INFO: C:/lscc/diamond/3.10_x64/ispfpga/vhdl_packages/numeric_bit.vhd(834): analyzing package body numeric_bit (VHDL-1013)
Analyzing VHDL file C:/lscc/diamond/3.10_x64/ispfpga/vhdl_packages/numeric_std.vhd (VHDL-1481)
INFO: C:/lscc/diamond/3.10_x64/ispfpga/vhdl_packages/numeric_std.vhd(57): analyzing package numeric_std (VHDL-1014)
INFO: C:/lscc/diamond/3.10_x64/ispfpga/vhdl_packages/numeric_std.vhd(874): analyzing package body numeric_std (VHDL-1013)
Analyzing VHDL file C:/lscc/diamond/3.10_x64/ispfpga/vhdl_packages/textio.vhd (VHDL-1481)
INFO: C:/lscc/diamond/3.10_x64/ispfpga/vhdl_packages/textio.vhd(13): analyzing package textio (VHDL-1014)
INFO: C:/lscc/diamond/3.10_x64/ispfpga/vhdl_packages/textio.vhd(114): analyzing package body textio (VHDL-1013)
Analyzing VHDL file C:/lscc/diamond/3.10_x64/ispfpga/vhdl_packages/std_logic_textio.vhd (VHDL-1481)
INFO: C:/lscc/diamond/3.10_x64/ispfpga/vhdl_packages/std_logic_textio.vhd(26): analyzing package std_logic_textio (VHDL-1014)
INFO: C:/lscc/diamond/3.10_x64/ispfpga/vhdl_packages/std_logic_textio.vhd(72): analyzing package body std_logic_textio (VHDL-1013)
Analyzing VHDL file C:/lscc/diamond/3.10_x64/ispfpga/vhdl_packages/syn_misc.vhd (VHDL-1481)
INFO: C:/lscc/diamond/3.10_x64/ispfpga/vhdl_packages/syn_misc.vhd(30): analyzing package std_logic_misc (VHDL-1014)
INFO: C:/lscc/diamond/3.10_x64/ispfpga/vhdl_packages/syn_misc.vhd(182): analyzing package body std_logic_misc (VHDL-1013)
INFO: ./.__tmp_vxr_0_(56): analyzing package math_real (VHDL-1014)
INFO: ./.__tmp_vxr_0_(685): analyzing package body math_real (VHDL-1013)
Analyzing VHDL file C:/lscc/diamond/3.10_x64/ispfpga/vhdl_packages/mixed_lang_vltype.vhd (VHDL-1481)
INFO: C:/lscc/diamond/3.10_x64/ispfpga/vhdl_packages/mixed_lang_vltype.vhd(9): analyzing package vl_types (VHDL-1014)
INFO: C:/lscc/diamond/3.10_x64/ispfpga/vhdl_packages/mixed_lang_vltype.vhd(88): analyzing package body vl_types (VHDL-1013)
Analyzing VHDL file C:/lscc/diamond/3.10_x64/ispfpga/vhdl_packages/syn_arit.vhd (VHDL-1481)
INFO: C:/lscc/diamond/3.10_x64/ispfpga/vhdl_packages/syn_arit.vhd(25): analyzing package std_logic_arith (VHDL-1014)
INFO: C:/lscc/diamond/3.10_x64/ispfpga/vhdl_packages/syn_arit.vhd(206): analyzing package body std_logic_arith (VHDL-1013)
Analyzing VHDL file C:/lscc/diamond/3.10_x64/ispfpga/vhdl_packages/syn_attr.vhd (VHDL-1481)
INFO: C:/lscc/diamond/3.10_x64/ispfpga/vhdl_packages/syn_attr.vhd(39): analyzing package attributes (VHDL-1014)
Analyzing VHDL file C:/lscc/diamond/3.10_x64/ispfpga/vhdl_packages/syn_sign.vhd (VHDL-1481)
INFO: C:/lscc/diamond/3.10_x64/ispfpga/vhdl_packages/syn_sign.vhd(35): analyzing package std_logic_signed (VHDL-1014)
INFO: C:/lscc/diamond/3.10_x64/ispfpga/vhdl_packages/syn_sign.vhd(96): analyzing package body std_logic_signed (VHDL-1013)
Analyzing VHDL file C:/lscc/diamond/3.10_x64/ispfpga/vhdl_packages/syn_unsi.vhd (VHDL-1481)
INFO: C:/lscc/diamond/3.10_x64/ispfpga/vhdl_packages/syn_unsi.vhd(35): analyzing package std_logic_unsigned (VHDL-1014)
INFO: C:/lscc/diamond/3.10_x64/ispfpga/vhdl_packages/syn_unsi.vhd(94): analyzing package body std_logic_unsigned (VHDL-1013)
Analyzing VHDL file C:/lscc/diamond/3.10_x64/ispfpga/userware/NT/SYNTHESIS_HEADERS/machxo2.vhd (VHDL-1481)
INFO: C:/lscc/diamond/3.10_x64/ispfpga/userware/NT/SYNTHESIS_HEADERS/machxo2.vhd(27): analyzing package components (VHDL-1014)
Analyzing VHDL file C:/lscc/diamond/3.10_x64/ispfpga/vhdl_packages/orca4.vhd (VHDL-1481)
INFO: C:/lscc/diamond/3.10_x64/ispfpga/vhdl_packages/orca4.vhd(35): analyzing package orcacomp (VHDL-1014)
Analyzing VHDL file C:/lscc/diamond/3.10_x64/ispfpga/vhdl_packages/synattr.vhd (VHDL-1481)
INFO: C:/lscc/diamond/3.10_x64/ispfpga/vhdl_packages/synattr.vhd(50): analyzing package attributes (VHDL-1014)
Analyzing VHDL file C:/work/upwork/projects/USB_DEMO_XO2_BoB/implementation/usb_1p1_demo/reveal_workspace/tmpreveal/usb_2_spi_top_lat_bb_reveal_coretop.vhd (VHDL-1481)
INFO: C:/work/upwork/projects/USB_DEMO_XO2_BoB/implementation/usb_1p1_demo/reveal_workspace/tmpreveal/usb_2_spi_top_lat_bb_reveal_coretop.vhd(6): analyzing entity reveal_coretop (VHDL-1012)
INFO: C:/work/upwork/projects/USB_DEMO_XO2_BoB/implementation/usb_1p1_demo/reveal_workspace/tmpreveal/usb_2_spi_top_lat_bb_reveal_coretop.vhd(22): analyzing architecture one (VHDL-1010)
Analyzing VHDL file C:/work/upwork/projects/USB_DEMO_XO2_BoB/soucre/usb_phy/usb_tx_phy.vhd (VHDL-1481)
INFO: C:/work/upwork/projects/USB_DEMO_XO2_BoB/soucre/usb_phy/usb_tx_phy.vhd(59): analyzing entity usb_tx_phy (VHDL-1012)
INFO: C:/work/upwork/projects/USB_DEMO_XO2_BoB/soucre/usb_phy/usb_tx_phy.vhd(74): analyzing architecture rtl (VHDL-1010)
Analyzing VHDL file C:/work/upwork/projects/USB_DEMO_XO2_BoB/soucre/usb_phy/usb_rx_phy_60MHz.vhd (VHDL-1481)
INFO: C:/work/upwork/projects/USB_DEMO_XO2_BoB/soucre/usb_phy/usb_rx_phy_60MHz.vhd(60): analyzing entity usb_rx_phy (VHDL-1012)
INFO: C:/work/upwork/projects/USB_DEMO_XO2_BoB/soucre/usb_phy/usb_rx_phy_60MHz.vhd(77): analyzing architecture rtl (VHDL-1010)
Analyzing VHDL file C:/work/upwork/projects/USB_DEMO_XO2_BoB/soucre/usb_phy/usb_phy.vhd (VHDL-1481)
INFO: C:/work/upwork/projects/USB_DEMO_XO2_BoB/soucre/usb_phy/usb_phy.vhd(48): analyzing entity usb_phy (VHDL-1012)
INFO: C:/work/upwork/projects/USB_DEMO_XO2_BoB/soucre/usb_phy/usb_phy.vhd(70): analyzing architecture rtl (VHDL-1010)
Analyzing VHDL file C:/work/upwork/projects/USB_DEMO_XO2_BoB/soucre/usb_serial/usb_control.vhd (VHDL-1481)
INFO: C:/work/upwork/projects/USB_DEMO_XO2_BoB/soucre/usb_serial/usb_control.vhd(99): analyzing entity usb_control (VHDL-1012)
INFO: C:/work/upwork/projects/USB_DEMO_XO2_BoB/soucre/usb_serial/usb_control.vhd(208): analyzing architecture usb_control_arch (VHDL-1010)
Analyzing VHDL file C:/work/upwork/projects/USB_DEMO_XO2_BoB/soucre/usb_serial/usb_init.vhd (VHDL-1481)
INFO: C:/work/upwork/projects/USB_DEMO_XO2_BoB/soucre/usb_serial/usb_init.vhd(24): analyzing entity usb_init (VHDL-1012)
INFO: C:/work/upwork/projects/USB_DEMO_XO2_BoB/soucre/usb_serial/usb_init.vhd(70): analyzing architecture usb_init_arch (VHDL-1010)
Analyzing VHDL file C:/work/upwork/projects/USB_DEMO_XO2_BoB/soucre/usb_serial/usb_packet.vhd (VHDL-1481)
INFO: C:/work/upwork/projects/USB_DEMO_XO2_BoB/soucre/usb_serial/usb_packet.vhd(56): analyzing entity usb_packet (VHDL-1012)
INFO: C:/work/upwork/projects/USB_DEMO_XO2_BoB/soucre/usb_serial/usb_packet.vhd(113): analyzing architecture usb_packet_arch (VHDL-1010)
Analyzing VHDL file C:/work/upwork/projects/USB_DEMO_XO2_BoB/soucre/usb_serial/usb_pkg.vhd (VHDL-1481)
INFO: C:/work/upwork/projects/USB_DEMO_XO2_BoB/soucre/usb_serial/usb_pkg.vhd(8): analyzing package usb_pkg (VHDL-1014)
Analyzing VHDL file C:/work/upwork/projects/USB_DEMO_XO2_BoB/soucre/usb_serial/usb_serial.vhd (VHDL-1481)
INFO: C:/work/upwork/projects/USB_DEMO_XO2_BoB/soucre/usb_serial/usb_serial.vhd(67): analyzing entity usb_serial (VHDL-1012)
INFO: C:/work/upwork/projects/USB_DEMO_XO2_BoB/soucre/usb_serial/usb_serial.vhd(169): analyzing architecture usb_serial_arch (VHDL-1010)
Analyzing VHDL file C:/work/upwork/projects/USB_DEMO_XO2_BoB/soucre/usb_serial/usb_transact.vhd (VHDL-1481)
INFO: C:/work/upwork/projects/USB_DEMO_XO2_BoB/soucre/usb_serial/usb_transact.vhd(90): analyzing entity usb_transact (VHDL-1012)
INFO: C:/work/upwork/projects/USB_DEMO_XO2_BoB/soucre/usb_serial/usb_transact.vhd(182): analyzing architecture usb_transact_arch (VHDL-1010)
Analyzing VHDL file C:/work/upwork/projects/USB_DEMO_XO2_BoB/soucre/usb_top/usb_fs_port.vhd (VHDL-1481)
INFO: C:/work/upwork/projects/USB_DEMO_XO2_BoB/soucre/usb_top/usb_fs_port.vhd(39): analyzing entity usb_fs_port (VHDL-1012)
INFO: C:/work/upwork/projects/USB_DEMO_XO2_BoB/soucre/usb_top/usb_fs_port.vhd(68): analyzing architecture rtl (VHDL-1010)
Analyzing VHDL file C:/work/upwork/projects/USB_DEMO_XO2_BoB/soucre/cores/pll_60MHz.vhd (VHDL-1481)
INFO: C:/work/upwork/projects/USB_DEMO_XO2_BoB/soucre/cores/pll_60MHz.vhd(14): analyzing entity pll_60mhz (VHDL-1012)
INFO: C:/work/upwork/projects/USB_DEMO_XO2_BoB/soucre/cores/pll_60MHz.vhd(24): analyzing architecture structure (VHDL-1010)
Analyzing VHDL file C:/work/upwork/projects/USB_DEMO_XO2_BoB/soucre/spi_master/spi_master.vhd (VHDL-1481)
INFO: C:/work/upwork/projects/USB_DEMO_XO2_BoB/soucre/spi_master/spi_master.vhd(30): analyzing entity spi_master (VHDL-1012)
INFO: C:/work/upwork/projects/USB_DEMO_XO2_BoB/soucre/spi_master/spi_master.vhd(52): analyzing architecture logic (VHDL-1010)
Analyzing VHDL file C:/work/upwork/projects/USB_DEMO_XO2_BoB/soucre/usb_top/usb_2_spi.vhd (VHDL-1481)
INFO: C:/work/upwork/projects/USB_DEMO_XO2_BoB/soucre/usb_top/usb_2_spi.vhd(43): analyzing entity usb_2_spi (VHDL-1012)
INFO: C:/work/upwork/projects/USB_DEMO_XO2_BoB/soucre/usb_top/usb_2_spi.vhd(84): analyzing architecture rtl (VHDL-1010)
Analyzing VHDL file C:/work/upwork/projects/USB_DEMO_XO2_BoB/soucre/usb_top/usb_2_spi_top_lat_bb.vhd (VHDL-1481)
INFO: C:/work/upwork/projects/USB_DEMO_XO2_BoB/soucre/usb_top/usb_2_spi_top_lat_bb.vhd(30): analyzing entity usb_2_spi_top_lat_bb (VHDL-1012)
INFO: C:/work/upwork/projects/USB_DEMO_XO2_BoB/soucre/usb_top/usb_2_spi_top_lat_bb.vhd(53): analyzing architecture rtl (VHDL-1010)
INFO: C:/work/upwork/projects/USB_DEMO_XO2_BoB/soucre/usb_top/usb_2_spi_top_lat_bb.vhd(30): elaborating usb_2_spi_top_lat_bb(RTL) (VHDL-1067)
INFO: C:/work/upwork/projects/USB_DEMO_XO2_BoB/soucre/cores/pll_60MHz.vhd(14): elaborating pll_60MHz_uniq_0(Structure) (VHDL-1067)
INFO: C:/work/upwork/projects/USB_DEMO_XO2_BoB/soucre/usb_top/usb_2_spi.vhd(43): elaborating usb_2_spi_uniq_0(rtl) (VHDL-1067)
INFO: C:/work/upwork/projects/USB_DEMO_XO2_BoB/soucre/usb_top/usb_fs_port.vhd(39): elaborating usb_fs_port_uniq_0(rtl) (VHDL-1067)
INFO: C:/work/upwork/projects/USB_DEMO_XO2_BoB/soucre/usb_phy/usb_phy.vhd(48): elaborating usb_phy_uniq_0(RTL) (VHDL-1067)
INFO: C:/work/upwork/projects/USB_DEMO_XO2_BoB/soucre/usb_phy/usb_tx_phy.vhd(59): elaborating usb_tx_phy_uniq_0(RTL) (VHDL-1067)
INFO: C:/work/upwork/projects/USB_DEMO_XO2_BoB/soucre/usb_phy/usb_rx_phy_60MHz.vhd(60): elaborating usb_rx_phy_uniq_0(RTL) (VHDL-1067)
INFO: C:/work/upwork/projects/USB_DEMO_XO2_BoB/soucre/usb_serial/usb_serial.vhd(67): elaborating usb_serial_uniq_0(usb_serial_arch) (VHDL-1067)
INFO: C:/work/upwork/projects/USB_DEMO_XO2_BoB/soucre/usb_serial/usb_init.vhd(24): elaborating usb_init_uniq_0(usb_init_arch) (VHDL-1067)
INFO: C:/work/upwork/projects/USB_DEMO_XO2_BoB/soucre/usb_serial/usb_packet.vhd(56): elaborating usb_packet_uniq_0(usb_packet_arch) (VHDL-1067)
INFO: C:/work/upwork/projects/USB_DEMO_XO2_BoB/soucre/usb_serial/usb_transact.vhd(90): elaborating usb_transact_uniq_0(usb_transact_arch) (VHDL-1067)
INFO: C:/work/upwork/projects/USB_DEMO_XO2_BoB/soucre/usb_serial/usb_control.vhd(99): elaborating usb_control_uniq_0(usb_control_arch) (VHDL-1067)
INFO: C:/work/upwork/projects/USB_DEMO_XO2_BoB/soucre/spi_master/spi_master.vhd(30): elaborating spi_master_uniq_0(logic) (VHDL-1067)
input pin clk has no actual or default value (VHDL-9000)
INFO: C:/work/upwork/projects/USB_DEMO_XO2_BoB/implementation/usb_1p1_demo/reveal_workspace/tmpreveal/usb_2_spi_top_lat_bb_reveal_coretop.vhd(8): clk is declared here (VHDL-1259)
input pin reset_n has no actual or default value (VHDL-9000)
INFO: C:/work/upwork/projects/USB_DEMO_XO2_BoB/implementation/usb_1p1_demo/reveal_workspace/tmpreveal/usb_2_spi_top_lat_bb_reveal_coretop.vhd(9): reset_n is declared here (VHDL-1259)
input pin trigger_din has no actual or default value (VHDL-9000)
INFO: C:/work/upwork/projects/USB_DEMO_XO2_BoB/implementation/usb_1p1_demo/reveal_workspace/tmpreveal/usb_2_spi_top_lat_bb_reveal_coretop.vhd(10): trigger_din is declared here (VHDL-1259)
input pin trigger_en has no actual or default value (VHDL-9000)
INFO: C:/work/upwork/projects/USB_DEMO_XO2_BoB/implementation/usb_1p1_demo/reveal_workspace/tmpreveal/usb_2_spi_top_lat_bb_reveal_coretop.vhd(11): trigger_en is declared here (VHDL-1259)
input pin trace_din has no actual or default value (VHDL-9000)
INFO: C:/work/upwork/projects/USB_DEMO_XO2_BoB/implementation/usb_1p1_demo/reveal_workspace/tmpreveal/usb_2_spi_top_lat_bb_reveal_coretop.vhd(13): trace_din is declared here (VHDL-1259)
Pretty printing all units in library work to file C:/work/upwork/projects/USB_DEMO_XO2_BoB/implementation/usb_1p1_demo/reveal_workspace/tmpreveal/usb_2_spi_top_lat_bb_rvl_top.vhd (VHDL-1490)
