Running in Lattice mode

Starting:    C:\lscc\diamond\3.10_x64\synpbase\bin64\mbin\synbatch.exe
Install:     C:\lscc\diamond\3.10_x64\synpbase
Hostname:    ZAAL-NB-WIN7
Date:        Fri Mar  9 09:49:53 2018
Version:     M-2017.03L-SP1-1

Arguments:   -product synplify_pro -batch usb_1p1_demo_usb_1p1_demo_synplify.tcl
ProductType: synplify_pro




log file: "C:\work\upwork\projects\USB_DEMO_XO2_BoB\implementation\usb_1p1_demo\usb_1p1_demo_usb_1p1_demo.srr"
Running: hdl_info_gen in foreground

Generating HDL info...

hdl_info_gen completed
# Fri Mar  9 09:49:53 2018

Return Code: 0
Run Time:00h:00m:00s
Copied C:\work\upwork\projects\USB_DEMO_XO2_BoB\implementation\usb_1p1_demo\usb_1p1_demo_usb_1p1_demo.srr to C:\work\upwork\projects\USB_DEMO_XO2_BoB\implementation\usb_1p1_demo\usb_1p1_demo_usb_1p1_demo.srf
log file: "C:\work\upwork\projects\USB_DEMO_XO2_BoB\implementation\usb_1p1_demo\usb_1p1_demo_usb_1p1_demo.srr"
Running: usb_1p1_demo in foreground

Running proj_1|usb_1p1_demo

Running: compile (Compile) on proj_1|usb_1p1_demo
# Fri Mar  9 09:49:54 2018

Running: compile_flow (Compile Process) on proj_1|usb_1p1_demo
# Fri Mar  9 09:49:54 2018

Running: compiler (Compile Input) on proj_1|usb_1p1_demo
# Fri Mar  9 09:49:54 2018
Copied C:\work\upwork\projects\USB_DEMO_XO2_BoB\implementation\usb_1p1_demo\synwork\usb_1p1_demo_usb_1p1_demo_comp.srs to C:\work\upwork\projects\USB_DEMO_XO2_BoB\implementation\usb_1p1_demo\usb_1p1_demo_usb_1p1_demo.srs

compiler completed
# Fri Mar  9 09:50:02 2018

Return Code: 0
Run Time:00h:00m:08s

Running: multi_srs_gen (Multi-srs Generator) on proj_1|usb_1p1_demo
# Fri Mar  9 09:50:02 2018

multi_srs_gen completed
# Fri Mar  9 09:50:03 2018

Return Code: 0
Run Time:00h:00m:01s
Copied C:\work\upwork\projects\USB_DEMO_XO2_BoB\implementation\usb_1p1_demo\synwork\usb_1p1_demo_usb_1p1_demo_mult.srs to C:\work\upwork\projects\USB_DEMO_XO2_BoB\implementation\usb_1p1_demo\usb_1p1_demo_usb_1p1_demo.srs
Copied C:\work\upwork\projects\USB_DEMO_XO2_BoB\implementation\usb_1p1_demo\usb_1p1_demo_usb_1p1_demo.srr to C:\work\upwork\projects\USB_DEMO_XO2_BoB\implementation\usb_1p1_demo\usb_1p1_demo_usb_1p1_demo.srf
Complete: Compile Process on proj_1|usb_1p1_demo

Running: premap (Pre-mapping) on proj_1|usb_1p1_demo
# Fri Mar  9 09:50:03 2018

premap completed with warnings
# Fri Mar  9 09:50:05 2018

Return Code: 1
Run Time:00h:00m:02s
Complete: Compile on proj_1|usb_1p1_demo

Running: map (Map) on proj_1|usb_1p1_demo
# Fri Mar  9 09:50:05 2018
License granted for 4 parallel jobs

Running: fpga_mapper (Map & Optimize) on proj_1|usb_1p1_demo
# Fri Mar  9 09:50:05 2018
Copied C:\work\upwork\projects\USB_DEMO_XO2_BoB\implementation\usb_1p1_demo\synwork\usb_1p1_demo_usb_1p1_demo_m.srm to C:\work\upwork\projects\USB_DEMO_XO2_BoB\implementation\usb_1p1_demo\usb_1p1_demo_usb_1p1_demo.srm

fpga_mapper completed with warnings
# Fri Mar  9 09:50:22 2018

Return Code: 1
Run Time:00h:00m:17s
Complete: Map on proj_1|usb_1p1_demo
Copied C:\work\upwork\projects\USB_DEMO_XO2_BoB\implementation\usb_1p1_demo\usb_1p1_demo_usb_1p1_demo.srr to C:\work\upwork\projects\USB_DEMO_XO2_BoB\implementation\usb_1p1_demo\usb_1p1_demo_usb_1p1_demo.srf
Complete: Logic Synthesis on proj_1|usb_1p1_demo
TCL script complete: "usb_1p1_demo_usb_1p1_demo_synplify.tcl"
exit status=0
exit status=0
Save changes for project:
C:\work\upwork\projects\USB_DEMO_XO2_BoB\implementation\usb_1p1_demo\proj_1.prj
batch mode default:no
