# Synopsys Constraint Checker, version maplat, Build 1796R, built Aug  4 2017
# Copyright (C) 1994-2017 Synopsys, Inc. This Synopsys software and all associated documentation are proprietary to Synopsys, Inc. and may only be used pursuant to the terms and conditions of a written license agreement with Synopsys, Inc. All other use, reproduction, modification, or distribution of the Synopsys software or the associated documentation is strictly prohibited.

# Written on Fri Mar  9 09:50:05 2018


##### DESIGN INFO #######################################################

Top View:                "usb_2_spi_top_lat_bb"
Constraint File(s):      (none)




##### SUMMARY ############################################################

Found 0 issues in 0 out of 0 constraints


##### DETAILS ############################################################



Clock Relationships
*******************

Starting                                  Ending                                    |     rise to rise     |     fall to fall     |     rise to fall     |     fall to rise                     
-----------------------------------------------------------------------------------------------------------------------------------------------------------------------------------------------
System                                    System                                    |     1000.000         |     No paths         |     No paths         |     No paths                         
System                                    pll_60MHz_uniq_0|CLKOP_inferred_clock     |     1000.000         |     No paths         |     No paths         |     No paths                         
System                                    reveal_coretop|jtck_inferred_clock[0]     |     No paths         |     No paths         |     1000.000         |     No paths                         
pll_60MHz_uniq_0|CLKOP_inferred_clock     System                                    |     1000.000         |     No paths         |     No paths         |     No paths                         
pll_60MHz_uniq_0|CLKOP_inferred_clock     pll_60MHz_uniq_0|CLKOP_inferred_clock     |     1000.000         |     No paths         |     No paths         |     No paths                         
pll_60MHz_uniq_0|CLKOP_inferred_clock     reveal_coretop|jtck_inferred_clock[0]     |     No paths         |     No paths         |     Diff grp         |     No paths                         
reveal_coretop|jtck_inferred_clock[0]     System                                    |     No paths         |     No paths         |     No paths         |     1000.000                         
reveal_coretop|jtck_inferred_clock[0]     pll_60MHz_uniq_0|CLKOP_inferred_clock     |     No paths         |     No paths         |     No paths         |     Diff grp                         
reveal_coretop|jtck_inferred_clock[0]     reveal_coretop|jtck_inferred_clock[0]     |     No paths         |     1000.000         |     No paths         |     No paths                         
===============================================================================================================================================================================================
 Note: 'No paths' indicates there are no paths in the design for that pair of clock edges.
       'Diff grp' indicates that paths exist but the starting clock and ending clock are in different clock groups.


Unconstrained Start/End Points
******************************

p:FPGA_ready
p:LED_green
p:miso
p:mosi
p:rst_neg_ext
p:usb_dn (bidir end point)
p:usb_dn (bidir start point)
p:usb_dp (bidir end point)
p:usb_dp (bidir start point)


Inapplicable constraints
************************

(none)


Applicable constraints with issues
**********************************

(none)


Constraints with matching wildcard expressions
**********************************************

(none)


Library Report
**************


# End of Constraint Checker Report
