C:\lscc\diamond\3.9_x64\synpbase\bin64\c_vhdl.exe  -osyn  C:\projects_2018\USB2SPI\trunk\USB2SPI_XO3LF_SKit_3_9_18\implementation\usb_1p1_demo\synwork\usb_1p1_demo_usb_1p1_demo_hdl_.srs  -top  usb_2_spi_top_lat_bb  -prodtype  synplify_pro  -dspmac -fixsmult -infer_seqShift -nram -sdff_counter -divnmod -nostructver  -encrypt  -pro  -dmgen  C:\projects_2018\USB2SPI\trunk\USB2SPI_XO3LF_SKit_3_9_18\implementation\usb_1p1_demo\dm  -lite -ui -fid2 -ram -sharing on -ll 2000 -autosm  -ignore_undefined_lib  -lib work C:\lscc\diamond\3.9_x64\cae_library\synthesis\vhdl\machxo3l.vhd -lib work C:\projects_2018\USB2SPI\trunk\USB2SPI_XO2_BoB_3_9_18\soucre\usb_phy\usb_tx_phy.vhd -lib work C:\projects_2018\USB2SPI\trunk\USB2SPI_XO2_BoB_3_9_18\soucre\usb_phy\usb_phy.vhd -lib work C:\projects_2018\USB2SPI\trunk\USB2SPI_XO2_BoB_3_9_18\soucre\usb_phy\usb_rx_phy_60MHz.vhd -lib work C:\projects_2018\USB2SPI\trunk\USB2SPI_XO2_BoB_3_9_18\soucre\usb_serial\usb_transact.vhd -lib work C:\projects_2018\USB2SPI\trunk\USB2SPI_XO2_BoB_3_9_18\soucre\usb_serial\usb_control.vhd -lib work C:\projects_2018\USB2SPI\trunk\USB2SPI_XO2_BoB_3_9_18\soucre\usb_serial\usb_init.vhd -lib work C:\projects_2018\USB2SPI\trunk\USB2SPI_XO2_BoB_3_9_18\soucre\usb_serial\usb_packet.vhd -lib work C:\projects_2018\USB2SPI\trunk\USB2SPI_XO2_BoB_3_9_18\soucre\usb_serial\usb_pkg.vhd -lib work C:\projects_2018\USB2SPI\trunk\USB2SPI_XO2_BoB_3_9_18\soucre\usb_serial\usb_serial.vhd -lib work C:\projects_2018\USB2SPI\trunk\USB2SPI_XO2_BoB_3_9_18\soucre\cores\pll_60MHz.vhd -lib work C:\projects_2018\USB2SPI\trunk\USB2SPI_XO2_BoB_3_9_18\soucre\usb_top\usb_2_spi_top_lat_bb.vhd -lib work C:\projects_2018\USB2SPI\trunk\USB2SPI_XO2_BoB_3_9_18\soucre\usb_top\usb_2_spi.vhd -lib work C:\projects_2018\USB2SPI\trunk\USB2SPI_XO2_BoB_3_9_18\soucre\usb_top\usb_fs_port.vhd -lib work C:\projects_2018\USB2SPI\trunk\USB2SPI_XO2_BoB_3_9_18\soucre\spi_master\spi_master.vhd  -log  C:\projects_2018\USB2SPI\trunk\USB2SPI_XO3LF_SKit_3_9_18\implementation\usb_1p1_demo\syntax.log  -fileorder  C:\projects_2018\USB2SPI\trunk\USB2SPI_XO3LF_SKit_3_9_18\implementation\usb_1p1_demo\syntmp\hdlorder.tcl 
rc:0 success:1 runtime:0
file:C:\projects_2018\USB2SPI\trunk\USB2SPI_XO3LF_SKit_3_9_18\implementation\usb_1p1_demo\synwork\usb_1p1_demo_usb_1p1_demo_hdl_.srs|io:o|time:0|size:0|exec:0
file:C:\lscc\diamond\3.9_x64\cae_library\synthesis\vhdl\machxo3l.vhd|io:i|time:1480973228|size:72734|exec:0
file:C:\projects_2018\USB2SPI\trunk\USB2SPI_XO2_BoB_3_9_18\soucre\usb_phy\usb_tx_phy.vhd|io:i|time:1520617880|size:17267|exec:0
file:C:\projects_2018\USB2SPI\trunk\USB2SPI_XO2_BoB_3_9_18\soucre\usb_phy\usb_phy.vhd|io:i|time:1520617880|size:8662|exec:0
file:C:\projects_2018\USB2SPI\trunk\USB2SPI_XO2_BoB_3_9_18\soucre\usb_phy\usb_rx_phy_60MHz.vhd|io:i|time:1520617880|size:20324|exec:0
file:C:\projects_2018\USB2SPI\trunk\USB2SPI_XO2_BoB_3_9_18\soucre\usb_serial\usb_transact.vhd|io:i|time:1520617881|size:25701|exec:0
file:C:\projects_2018\USB2SPI\trunk\USB2SPI_XO2_BoB_3_9_18\soucre\usb_serial\usb_control.vhd|io:i|time:1520617880|size:28333|exec:0
file:C:\projects_2018\USB2SPI\trunk\USB2SPI_XO2_BoB_3_9_18\soucre\usb_serial\usb_init.vhd|io:i|time:1520617880|size:15155|exec:0
file:C:\projects_2018\USB2SPI\trunk\USB2SPI_XO2_BoB_3_9_18\soucre\usb_serial\usb_packet.vhd|io:i|time:1520617880|size:14807|exec:0
file:C:\projects_2018\USB2SPI\trunk\USB2SPI_XO2_BoB_3_9_18\soucre\usb_serial\usb_pkg.vhd|io:i|time:1520617880|size:9722|exec:0
file:C:\projects_2018\USB2SPI\trunk\USB2SPI_XO2_BoB_3_9_18\soucre\usb_serial\usb_serial.vhd|io:i|time:1520617880|size:51378|exec:0
file:C:\projects_2018\USB2SPI\trunk\USB2SPI_XO2_BoB_3_9_18\soucre\cores\pll_60MHz.vhd|io:i|time:1520617880|size:7876|exec:0
file:C:\projects_2018\USB2SPI\trunk\USB2SPI_XO2_BoB_3_9_18\soucre\usb_top\usb_2_spi_top_lat_bb.vhd|io:i|time:1520621462|size:4087|exec:0
file:C:\projects_2018\USB2SPI\trunk\USB2SPI_XO2_BoB_3_9_18\soucre\usb_top\usb_2_spi.vhd|io:i|time:1520617881|size:8988|exec:0
file:C:\projects_2018\USB2SPI\trunk\USB2SPI_XO2_BoB_3_9_18\soucre\usb_top\usb_fs_port.vhd|io:i|time:1520617881|size:11963|exec:0
file:C:\projects_2018\USB2SPI\trunk\USB2SPI_XO2_BoB_3_9_18\soucre\spi_master\spi_master.vhd|io:i|time:1520617880|size:9151|exec:0
file:C:\projects_2018\USB2SPI\trunk\USB2SPI_XO3LF_SKit_3_9_18\implementation\usb_1p1_demo\syntax.log|io:o|time:1520624649|size:1066|exec:0
file:C:\lscc\diamond\3.9_x64\synpbase\bin\c_vhdl.exe|io:i|time:1481009758|size:2416640|exec:1
file:C:\lscc\diamond\3.9_x64\synpbase\bin64\c_vhdl.exe|io:i|time:1481010008|size:3082752|exec:1
